#
# There is insufficient memory for the Java Runtime Environment to continue.
# Native memory allocation (malloc) failed to allocate 1345536 bytes. Error detail: Chunk::new
# Possible reasons:
#   The system is out of physical RAM or swap space
#   This process is running with CompressedOops enabled, and the Java Heap may be blocking the growth of the native heap
# Possible solutions:
#   Reduce memory load on the system
#   Increase physical memory or swap space
#   Check if swap backing store is full
#   Decrease Java heap size (-Xmx/-Xms)
#   Decrease number of Java threads
#   Decrease Java thread stack sizes (-Xss)
#   Set larger code cache with -XX:ReservedCodeCacheSize=
#   JVM is running with Unscaled Compressed Oops mode in which the Java heap is
#     placed in the first 4GB address space. The Java Heap base address is the
#     maximum limit for the native heap growth. Please use -XX:HeapBaseMinAddress
#     to set the Java Heap base and to place the Java Heap above 4GB virtual address.
# This output file may be truncated or incomplete.
#
#  Out of Memory Error (arena.cpp:168), pid=33332, tid=49080
#
# JRE version: OpenJDK Runtime Environment JBR-21.0.4+13-509.26-jcef (21.0.4+13) (build 21.0.4+13-b509.26)
# Java VM: OpenJDK 64-Bit Server VM JBR-21.0.4+13-509.26-jcef (21.0.4+13-b509.26, mixed mode, tiered, compressed oops, compressed class ptrs, g1 gc, windows-amd64)
# No core dump will be written. Minidumps are not enabled by default on client versions of Windows
#

---------------  S U M M A R Y ------------

Command Line: -Djava.rmi.server.hostname=127.0.0.1 -Duser.timezone=UTC -Xmx2048m -Xms128m -Djdbc.classpath=C:\Users\lenovo\AppData\Local\Temp\RemoteDriver4750.classpath.txt --add-exports=java.desktop/sun.awt=ALL-UNNAMED --add-exports=java.desktop/java.awt.peer=ALL-UNNAMED --add-opens=java.desktop/java.awt=ALL-UNNAMED --add-opens=jdk.unsupported/sun.misc=ALL-UNNAMED --add-opens=java.base/java.nio=ALL-UNNAMED --add-opens=java.base/java.util=ALL-UNNAMED -Dfile.encoding=UTF-8 -Dsun.stdout.encoding=UTF-8 -Dsun.stderr.encoding=UTF-8 com.intellij.database.remote.RemoteJdbcServer com.mysql.cj.jdbc.Driver

Host: 12th Gen Intel(R) Core(TM) i5-12500H, 16 cores, 15G,  Windows 11 , 64 bit Build 22621 (10.0.22621.5415)
Time: Wed Aug 20 15:43:03 2025  Windows 11 , 64 bit Build 22621 (10.0.22621.5415) elapsed time: 0.705347 seconds (0d 0h 0m 0s)

---------------  T H R E A D  ---------------

Current thread (0x00000289bfefee80):  JavaThread "C2 CompilerThread2" daemon [_thread_in_native, id=49080, stack(0x000000f301600000,0x000000f301700000) (1024K)]


Current CompileTask:
C2:    705 1919       4       sun.security.ec.ECOperations::setDouble (463 bytes)

Stack: [0x000000f301600000,0x000000f301700000]
Native frames: (J=compiled Java code, j=interpreted, Vv=VM code, C=native code)
V  [jvm.dll+0x6e3739]
V  [jvm.dll+0x8c0c33]
V  [jvm.dll+0x8c318e]
V  [jvm.dll+0x8c3873]
V  [jvm.dll+0x288256]
V  [jvm.dll+0xc613d]
V  [jvm.dll+0xc6673]
V  [jvm.dll+0x3c301b]
V  [jvm.dll+0x38edf7]
V  [jvm.dll+0x38e26a]
V  [jvm.dll+0x24fb72]
V  [jvm.dll+0x24f141]
V  [jvm.dll+0x1cd074]
V  [jvm.dll+0x25e88c]
V  [jvm.dll+0x25cdd6]
V  [jvm.dll+0x3fe076]
V  [jvm.dll+0x8688c8]
V  [jvm.dll+0x6e1f3d]
C  [ucrtbase.dll+0x29333]
C  [KERNEL32.DLL+0x1259d]
C  [ntdll.dll+0x5af78]


---------------  P R O C E S S  ---------------

Threads class SMR info:
_java_thread_list=0x00000289bfb8f970, length=28, elements={
0x000002899f8391b0, 0x00000289bf0a59f0, 0x00000289bf0ccc50, 0x00000289bf0f9c80,
0x00000289bf0ff4c0, 0x00000289bf0fff20, 0x00000289bf100980, 0x00000289bf0fb6f0,
0x00000289bf11baf0, 0x00000289bf12b2f0, 0x00000289bf31b790, 0x00000289bf31ede0,
0x00000289bf38fcf0, 0x00000289bf69f710, 0x00000289bf751240, 0x00000289bf5ced80,
0x00000289bf90ee90, 0x00000289bfc0e400, 0x00000289bfc0ea70, 0x00000289bfc0f0e0,
0x00000289bfbd99a0, 0x00000289bf8ae650, 0x00000289bfbe2970, 0x00000289bfbe64b0,
0x00000289bfbe3030, 0x00000289bfbe5100, 0x00000289bfefee80, 0x00000289bfe44650
}

Java Threads: ( => current thread )
  0x000002899f8391b0 JavaThread "main"                              [_thread_blocked, id=52620, stack(0x000000f37e700000,0x000000f37e800000) (1024K)]
  0x00000289bf0a59f0 JavaThread "Reference Handler"          daemon [_thread_blocked, id=52204, stack(0x000000f37ef00000,0x000000f37f000000) (1024K)]
  0x00000289bf0ccc50 JavaThread "Finalizer"                  daemon [_thread_blocked, id=14540, stack(0x000000f37f000000,0x000000f37f100000) (1024K)]
  0x00000289bf0f9c80 JavaThread "Signal Dispatcher"          daemon [_thread_blocked, id=42636, stack(0x000000f37f100000,0x000000f37f200000) (1024K)]
  0x00000289bf0ff4c0 JavaThread "Attach Listener"            daemon [_thread_blocked, id=44876, stack(0x000000f37f200000,0x000000f37f300000) (1024K)]
  0x00000289bf0fff20 JavaThread "Service Thread"             daemon [_thread_blocked, id=50824, stack(0x000000f37f300000,0x000000f37f400000) (1024K)]
  0x00000289bf100980 JavaThread "Monitor Deflation Thread"   daemon [_thread_blocked, id=29156, stack(0x000000f37f400000,0x000000f37f500000) (1024K)]
  0x00000289bf0fb6f0 JavaThread "C2 CompilerThread0"         daemon [_thread_blocked, id=27972, stack(0x000000f37f500000,0x000000f37f600000) (1024K)]
  0x00000289bf11baf0 JavaThread "C1 CompilerThread0"         daemon [_thread_in_native, id=7672, stack(0x000000f37f600000,0x000000f37f700000) (1024K)]
  0x00000289bf12b2f0 JavaThread "C1 CompilerThread1"         daemon [_thread_blocked, id=13724, stack(0x000000f37f700000,0x000000f37f800000) (1024K)]
  0x00000289bf31b790 JavaThread "Common-Cleaner"             daemon [_thread_blocked, id=14232, stack(0x000000f37f800000,0x000000f37f900000) (1024K)]
  0x00000289bf31ede0 JavaThread "Notification Thread"        daemon [_thread_blocked, id=52852, stack(0x000000f37f900000,0x000000f37fa00000) (1024K)]
  0x00000289bf38fcf0 JavaThread "C2 CompilerThread1"         daemon [_thread_in_native, id=25440, stack(0x000000f37fa00000,0x000000f37fb00000) (1024K)]
  0x00000289bf69f710 JavaThread "C1 CompilerThread2"         daemon [_thread_blocked, id=23300, stack(0x000000f37fb00000,0x000000f37fc00000) (1024K)]
  0x00000289bf751240 JavaThread "C1 CompilerThread3"         daemon [_thread_blocked, id=3324, stack(0x000000f37fc00000,0x000000f37fd00000) (1024K)]
  0x00000289bf5ced80 JavaThread "mysql-cj-abandoned-connection-cleanup" daemon [_thread_blocked, id=53448, stack(0x000000f37fd00000,0x000000f37fe00000) (1024K)]
  0x00000289bf90ee90 JavaThread "RMI TCP Accept-62200"       daemon [_thread_in_native, id=36312, stack(0x000000f37fe00000,0x000000f37ff00000) (1024K)]
  0x00000289bfc0e400 JavaThread "RMI TCP Accept-0"           daemon [_thread_in_native, id=13028, stack(0x000000f37ff00000,0x000000f380000000) (1024K)]
  0x00000289bfc0ea70 JavaThread "RMI Reaper"                        [_thread_blocked, id=54160, stack(0x000000f300000000,0x000000f300100000) (1024K)]
  0x00000289bfc0f0e0 JavaThread "RMI GC Daemon"              daemon [_thread_blocked, id=16848, stack(0x000000f300100000,0x000000f300200000) (1024K)]
  0x00000289bfbd99a0 JavaThread "RMI TCP Connection(1)-127.0.0.1" daemon [_thread_in_native, id=22920, stack(0x000000f300200000,0x000000f300300000) (1024K)]
  0x00000289bf8ae650 JavaThread "RMI TCP Connection(2)-127.0.0.1" daemon [_thread_in_native, id=40276, stack(0x000000f300300000,0x000000f300400000) (1024K)]
  0x00000289bfbe2970 JavaThread "RMI Scheduler(0)"           daemon [_thread_blocked, id=43188, stack(0x000000f300400000,0x000000f300500000) (1024K)]
  0x00000289bfbe64b0 JavaThread "RMI TCP Connection(3)-127.0.0.1" daemon [_thread_in_Java, id=31184, stack(0x000000f300500000,0x000000f300600000) (1024K)]
  0x00000289bfbe3030 JavaThread "RMI TCP Connection(4)-127.0.0.1" daemon [_thread_in_native, id=52096, stack(0x000000f300600000,0x000000f300700000) (1024K)]
  0x00000289bfbe5100 JavaThread "RMI RenewClean-[127.0.0.1:51238]" daemon [_thread_blocked, id=50812, stack(0x000000f300700000,0x000000f300800000) (1024K)]
=>0x00000289bfefee80 JavaThread "C2 CompilerThread2"         daemon [_thread_in_native, id=49080, stack(0x000000f301600000,0x000000f301700000) (1024K)]
  0x00000289bfe44650 JavaThread "C2 CompilerThread3"         daemon [_thread_in_native, id=41052, stack(0x000000f301700000,0x000000f301800000) (1024K)]
Total: 28

Other Threads:
  0x00000289bf02e650 VMThread "VM Thread"                           [id=51952, stack(0x000000f37ee00000,0x000000f37ef00000) (1024K)]
  0x00000289baa8e820 WatcherThread "VM Periodic Task Thread"        [id=40184, stack(0x000000f37ed00000,0x000000f37ee00000) (1024K)]
  0x00000289a1afa3b0 WorkerThread "GC Thread#0"                     [id=48664, stack(0x000000f37e800000,0x000000f37e900000) (1024K)]
  0x00000289bfb75740 WorkerThread "GC Thread#1"                     [id=42672, stack(0x000000f300800000,0x000000f300900000) (1024K)]
  0x00000289bf889cd0 WorkerThread "GC Thread#2"                     [id=42052, stack(0x000000f300900000,0x000000f300a00000) (1024K)]
  0x00000289bf88a070 WorkerThread "GC Thread#3"                     [id=10660, stack(0x000000f300a00000,0x000000f300b00000) (1024K)]
  0x00000289bf896e50 WorkerThread "GC Thread#4"                     [id=30772, stack(0x000000f300b00000,0x000000f300c00000) (1024K)]
  0x00000289bfc67270 WorkerThread "GC Thread#5"                     [id=30412, stack(0x000000f300c00000,0x000000f300d00000) (1024K)]
  0x00000289bfc67610 WorkerThread "GC Thread#6"                     [id=41412, stack(0x000000f300d00000,0x000000f300e00000) (1024K)]
  0x00000289bfc679b0 WorkerThread "GC Thread#7"                     [id=33496, stack(0x000000f300e00000,0x000000f300f00000) (1024K)]
  0x00000289bfc67d50 WorkerThread "GC Thread#8"                     [id=50488, stack(0x000000f300f00000,0x000000f301000000) (1024K)]
  0x00000289bfc680f0 WorkerThread "GC Thread#9"                     [id=30632, stack(0x000000f301000000,0x000000f301100000) (1024K)]
  0x00000289bfc688a0 WorkerThread "GC Thread#10"                    [id=47744, stack(0x000000f301100000,0x000000f301200000) (1024K)]
  0x00000289bfc69770 WorkerThread "GC Thread#11"                    [id=44640, stack(0x000000f301200000,0x000000f301300000) (1024K)]
  0x00000289bfc6a250 WorkerThread "GC Thread#12"                    [id=52660, stack(0x000000f301300000,0x000000f301400000) (1024K)]
  0x00000289a1b0b390 ConcurrentGCThread "G1 Main Marker"            [id=27316, stack(0x000000f37e900000,0x000000f37ea00000) (1024K)]
  0x00000289a1b0be90 WorkerThread "G1 Conc#0"                       [id=44668, stack(0x000000f37ea00000,0x000000f37eb00000) (1024K)]
  0x00000289bfc6a5f0 WorkerThread "G1 Conc#1"                       [id=52964, stack(0x000000f301400000,0x000000f301500000) (1024K)]
  0x00000289bfc68c90 WorkerThread "G1 Conc#2"                       [id=31368, stack(0x000000f301500000,0x000000f301600000) (1024K)]
  0x00000289ba9529e0 ConcurrentGCThread "G1 Refine#0"               [id=40404, stack(0x000000f37eb00000,0x000000f37ec00000) (1024K)]
  0x00000289ba953550 ConcurrentGCThread "G1 Service"                [id=30460, stack(0x000000f37ec00000,0x000000f37ed00000) (1024K)]
Total: 21

Threads with active compile tasks:
C2 CompilerThread0      723 2043       4       java.util.regex.Pattern$BmpCharPropertyGreedy::match (89 bytes)
C2 CompilerThread1      723 2037   !   4       java.util.concurrent.ConcurrentHashMap::putVal (432 bytes)
C2 CompilerThread2      723 1919       4       sun.security.ec.ECOperations::setDouble (463 bytes)
C2 CompilerThread3      723 2044       4       java.util.regex.Matcher::search (154 bytes)
Total: 4

VM state: not at safepoint (normal execution)

VM Mutex/Monitor currently owned by a thread: None

Heap address: 0x0000000080000000, size: 2048 MB, Compressed Oops mode: 32-bit

CDS archive(s) not mapped
Compressed class space mapped at: 0x0000000100000000-0x0000000140000000, reserved size: 1073741824
Narrow klass base: 0x0000000000000000, Narrow klass shift: 3, Narrow klass range: 0x140000000

GC Precious Log:
 CardTable entry size: 512
 Card Set container configuration: InlinePtr #cards 5 size 8 Array Of Cards #cards 12 size 40 Howl #buckets 4 coarsen threshold 1843 Howl Bitmap #cards 512 size 80 coarsen threshold 460 Card regions per heap region 1 cards per card region 2048
 CPUs: 16 total, 16 available
 Memory: 16108M
 Large Page Support: Disabled
 NUMA Support: Disabled
 Compressed Oops: Enabled (32-bit)
 Heap Region Size: 1M
 Heap Min Capacity: 128M
 Heap Initial Capacity: 128M
 Heap Max Capacity: 2G
 Pre-touch: Disabled
 Parallel Workers: 13
 Concurrent Workers: 3
 Concurrent Refinement Workers: 13
 Periodic GC: Disabled

Heap:
 garbage-first heap   total 131072K, used 17160K [0x0000000080000000, 0x0000000100000000)
  region size 1024K, 9 young (9216K), 2 survivors (2048K)
 Metaspace       used 26210K, committed 26624K, reserved 1114112K
  class space    used 2745K, committed 2944K, reserved 1048576K

Heap Regions: E=young(eden), S=young(survivor), O=old, HS=humongous(starts), HC=humongous(continues), CS=collection set, F=free, TAMS=top-at-mark-start, PB=parsable bottom
|   0|0x0000000080000000, 0x0000000080100000, 0x0000000080100000|100%|HS|  |TAMS 0x0000000080000000| PB 0x0000000080000000| Complete 
|   1|0x0000000080100000, 0x0000000080200000, 0x0000000080200000|100%|HC|  |TAMS 0x0000000080100000| PB 0x0000000080100000| Complete 
|   2|0x0000000080200000, 0x0000000080300000, 0x0000000080300000|100%|HS|  |TAMS 0x0000000080200000| PB 0x0000000080200000| Complete 
|   3|0x0000000080300000, 0x0000000080400000, 0x0000000080400000|100%|HS|  |TAMS 0x0000000080300000| PB 0x0000000080300000| Complete 
|   4|0x0000000080400000, 0x0000000080500000, 0x0000000080500000|100%| O|  |TAMS 0x0000000080400000| PB 0x0000000080400000| Untracked 
|   5|0x0000000080500000, 0x0000000080600000, 0x0000000080600000|100%| O|  |TAMS 0x0000000080500000| PB 0x0000000080500000| Untracked 
|   6|0x0000000080600000, 0x0000000080700000, 0x0000000080700000|100%| O|  |TAMS 0x0000000080600000| PB 0x0000000080600000| Untracked 
|   7|0x0000000080700000, 0x0000000080800000, 0x0000000080800000|100%| O|  |TAMS 0x0000000080700000| PB 0x0000000080700000| Untracked 
|   8|0x0000000080800000, 0x0000000080900000, 0x0000000080900000|100%| O|  |TAMS 0x0000000080800000| PB 0x0000000080800000| Untracked 
|   9|0x0000000080900000, 0x0000000080916560, 0x0000000080a00000|  8%| O|  |TAMS 0x0000000080900000| PB 0x0000000080900000| Untracked 
|  10|0x0000000080a00000, 0x0000000080a00000, 0x0000000080b00000|  0%| F|  |TAMS 0x0000000080a00000| PB 0x0000000080a00000| Untracked 
|  11|0x0000000080b00000, 0x0000000080b00000, 0x0000000080c00000|  0%| F|  |TAMS 0x0000000080b00000| PB 0x0000000080b00000| Untracked 
|  12|0x0000000080c00000, 0x0000000080c00000, 0x0000000080d00000|  0%| F|  |TAMS 0x0000000080c00000| PB 0x0000000080c00000| Untracked 
|  13|0x0000000080d00000, 0x0000000080d00000, 0x0000000080e00000|  0%| F|  |TAMS 0x0000000080d00000| PB 0x0000000080d00000| Untracked 
|  14|0x0000000080e00000, 0x0000000080e00000, 0x0000000080f00000|  0%| F|  |TAMS 0x0000000080e00000| PB 0x0000000080e00000| Untracked 
|  15|0x0000000080f00000, 0x0000000080f00000, 0x0000000081000000|  0%| F|  |TAMS 0x0000000080f00000| PB 0x0000000080f00000| Untracked 
|  16|0x0000000081000000, 0x0000000081000000, 0x0000000081100000|  0%| F|  |TAMS 0x0000000081000000| PB 0x0000000081000000| Untracked 
|  17|0x0000000081100000, 0x0000000081100000, 0x0000000081200000|  0%| F|  |TAMS 0x0000000081100000| PB 0x0000000081100000| Untracked 
|  18|0x0000000081200000, 0x0000000081200000, 0x0000000081300000|  0%| F|  |TAMS 0x0000000081200000| PB 0x0000000081200000| Untracked 
|  19|0x0000000081300000, 0x0000000081300000, 0x0000000081400000|  0%| F|  |TAMS 0x0000000081300000| PB 0x0000000081300000| Untracked 
|  20|0x0000000081400000, 0x0000000081400000, 0x0000000081500000|  0%| F|  |TAMS 0x0000000081400000| PB 0x0000000081400000| Untracked 
|  21|0x0000000081500000, 0x0000000081500000, 0x0000000081600000|  0%| F|  |TAMS 0x0000000081500000| PB 0x0000000081500000| Untracked 
|  22|0x0000000081600000, 0x0000000081600000, 0x0000000081700000|  0%| F|  |TAMS 0x0000000081600000| PB 0x0000000081600000| Untracked 
|  23|0x0000000081700000, 0x0000000081700000, 0x0000000081800000|  0%| F|  |TAMS 0x0000000081700000| PB 0x0000000081700000| Untracked 
|  24|0x0000000081800000, 0x0000000081800000, 0x0000000081900000|  0%| F|  |TAMS 0x0000000081800000| PB 0x0000000081800000| Untracked 
|  25|0x0000000081900000, 0x0000000081900000, 0x0000000081a00000|  0%| F|  |TAMS 0x0000000081900000| PB 0x0000000081900000| Untracked 
|  26|0x0000000081a00000, 0x0000000081a00000, 0x0000000081b00000|  0%| F|  |TAMS 0x0000000081a00000| PB 0x0000000081a00000| Untracked 
|  27|0x0000000081b00000, 0x0000000081b00000, 0x0000000081c00000|  0%| F|  |TAMS 0x0000000081b00000| PB 0x0000000081b00000| Untracked 
|  28|0x0000000081c00000, 0x0000000081c00000, 0x0000000081d00000|  0%| F|  |TAMS 0x0000000081c00000| PB 0x0000000081c00000| Untracked 
|  29|0x0000000081d00000, 0x0000000081d00000, 0x0000000081e00000|  0%| F|  |TAMS 0x0000000081d00000| PB 0x0000000081d00000| Untracked 
|  30|0x0000000081e00000, 0x0000000081e00000, 0x0000000081f00000|  0%| F|  |TAMS 0x0000000081e00000| PB 0x0000000081e00000| Untracked 
|  31|0x0000000081f00000, 0x0000000081f00000, 0x0000000082000000|  0%| F|  |TAMS 0x0000000081f00000| PB 0x0000000081f00000| Untracked 
|  32|0x0000000082000000, 0x0000000082000000, 0x0000000082100000|  0%| F|  |TAMS 0x0000000082000000| PB 0x0000000082000000| Untracked 
|  33|0x0000000082100000, 0x0000000082100000, 0x0000000082200000|  0%| F|  |TAMS 0x0000000082100000| PB 0x0000000082100000| Untracked 
|  34|0x0000000082200000, 0x0000000082200000, 0x0000000082300000|  0%| F|  |TAMS 0x0000000082200000| PB 0x0000000082200000| Untracked 
|  35|0x0000000082300000, 0x0000000082300000, 0x0000000082400000|  0%| F|  |TAMS 0x0000000082300000| PB 0x0000000082300000| Untracked 
|  36|0x0000000082400000, 0x0000000082400000, 0x0000000082500000|  0%| F|  |TAMS 0x0000000082400000| PB 0x0000000082400000| Untracked 
|  37|0x0000000082500000, 0x0000000082500000, 0x0000000082600000|  0%| F|  |TAMS 0x0000000082500000| PB 0x0000000082500000| Untracked 
|  38|0x0000000082600000, 0x0000000082600000, 0x0000000082700000|  0%| F|  |TAMS 0x0000000082600000| PB 0x0000000082600000| Untracked 
|  39|0x0000000082700000, 0x0000000082700000, 0x0000000082800000|  0%| F|  |TAMS 0x0000000082700000| PB 0x0000000082700000| Untracked 
|  40|0x0000000082800000, 0x0000000082800000, 0x0000000082900000|  0%| F|  |TAMS 0x0000000082800000| PB 0x0000000082800000| Untracked 
|  41|0x0000000082900000, 0x0000000082900000, 0x0000000082a00000|  0%| F|  |TAMS 0x0000000082900000| PB 0x0000000082900000| Untracked 
|  42|0x0000000082a00000, 0x0000000082a00000, 0x0000000082b00000|  0%| F|  |TAMS 0x0000000082a00000| PB 0x0000000082a00000| Untracked 
|  43|0x0000000082b00000, 0x0000000082b00000, 0x0000000082c00000|  0%| F|  |TAMS 0x0000000082b00000| PB 0x0000000082b00000| Untracked 
|  44|0x0000000082c00000, 0x0000000082c00000, 0x0000000082d00000|  0%| F|  |TAMS 0x0000000082c00000| PB 0x0000000082c00000| Untracked 
|  45|0x0000000082d00000, 0x0000000082d00000, 0x0000000082e00000|  0%| F|  |TAMS 0x0000000082d00000| PB 0x0000000082d00000| Untracked 
|  46|0x0000000082e00000, 0x0000000082e00000, 0x0000000082f00000|  0%| F|  |TAMS 0x0000000082e00000| PB 0x0000000082e00000| Untracked 
|  47|0x0000000082f00000, 0x0000000082f00000, 0x0000000083000000|  0%| F|  |TAMS 0x0000000082f00000| PB 0x0000000082f00000| Untracked 
|  48|0x0000000083000000, 0x0000000083000000, 0x0000000083100000|  0%| F|  |TAMS 0x0000000083000000| PB 0x0000000083000000| Untracked 
|  49|0x0000000083100000, 0x0000000083100000, 0x0000000083200000|  0%| F|  |TAMS 0x0000000083100000| PB 0x0000000083100000| Untracked 
|  50|0x0000000083200000, 0x0000000083200000, 0x0000000083300000|  0%| F|  |TAMS 0x0000000083200000| PB 0x0000000083200000| Untracked 
|  51|0x0000000083300000, 0x0000000083300000, 0x0000000083400000|  0%| F|  |TAMS 0x0000000083300000| PB 0x0000000083300000| Untracked 
|  52|0x0000000083400000, 0x0000000083400000, 0x0000000083500000|  0%| F|  |TAMS 0x0000000083400000| PB 0x0000000083400000| Untracked 
|  53|0x0000000083500000, 0x0000000083500000, 0x0000000083600000|  0%| F|  |TAMS 0x0000000083500000| PB 0x0000000083500000| Untracked 
|  54|0x0000000083600000, 0x0000000083600000, 0x0000000083700000|  0%| F|  |TAMS 0x0000000083600000| PB 0x0000000083600000| Untracked 
|  55|0x0000000083700000, 0x0000000083700000, 0x0000000083800000|  0%| F|  |TAMS 0x0000000083700000| PB 0x0000000083700000| Untracked 
|  56|0x0000000083800000, 0x0000000083800000, 0x0000000083900000|  0%| F|  |TAMS 0x0000000083800000| PB 0x0000000083800000| Untracked 
|  57|0x0000000083900000, 0x0000000083900000, 0x0000000083a00000|  0%| F|  |TAMS 0x0000000083900000| PB 0x0000000083900000| Untracked 
|  58|0x0000000083a00000, 0x0000000083a00000, 0x0000000083b00000|  0%| F|  |TAMS 0x0000000083a00000| PB 0x0000000083a00000| Untracked 
|  59|0x0000000083b00000, 0x0000000083b00000, 0x0000000083c00000|  0%| F|  |TAMS 0x0000000083b00000| PB 0x0000000083b00000| Untracked 
|  60|0x0000000083c00000, 0x0000000083c00000, 0x0000000083d00000|  0%| F|  |TAMS 0x0000000083c00000| PB 0x0000000083c00000| Untracked 
|  61|0x0000000083d00000, 0x0000000083d00000, 0x0000000083e00000|  0%| F|  |TAMS 0x0000000083d00000| PB 0x0000000083d00000| Untracked 
|  62|0x0000000083e00000, 0x0000000083e00000, 0x0000000083f00000|  0%| F|  |TAMS 0x0000000083e00000| PB 0x0000000083e00000| Untracked 
|  63|0x0000000083f00000, 0x0000000083f00000, 0x0000000084000000|  0%| F|  |TAMS 0x0000000083f00000| PB 0x0000000083f00000| Untracked 
|  64|0x0000000084000000, 0x0000000084000000, 0x0000000084100000|  0%| F|  |TAMS 0x0000000084000000| PB 0x0000000084000000| Untracked 
|  65|0x0000000084100000, 0x0000000084100000, 0x0000000084200000|  0%| F|  |TAMS 0x0000000084100000| PB 0x0000000084100000| Untracked 
|  66|0x0000000084200000, 0x0000000084200000, 0x0000000084300000|  0%| F|  |TAMS 0x0000000084200000| PB 0x0000000084200000| Untracked 
|  67|0x0000000084300000, 0x0000000084300000, 0x0000000084400000|  0%| F|  |TAMS 0x0000000084300000| PB 0x0000000084300000| Untracked 
|  68|0x0000000084400000, 0x0000000084400000, 0x0000000084500000|  0%| F|  |TAMS 0x0000000084400000| PB 0x0000000084400000| Untracked 
|  69|0x0000000084500000, 0x0000000084500000, 0x0000000084600000|  0%| F|  |TAMS 0x0000000084500000| PB 0x0000000084500000| Untracked 
|  70|0x0000000084600000, 0x0000000084600000, 0x0000000084700000|  0%| F|  |TAMS 0x0000000084600000| PB 0x0000000084600000| Untracked 
|  71|0x0000000084700000, 0x0000000084700000, 0x0000000084800000|  0%| F|  |TAMS 0x0000000084700000| PB 0x0000000084700000| Untracked 
|  72|0x0000000084800000, 0x0000000084800000, 0x0000000084900000|  0%| F|  |TAMS 0x0000000084800000| PB 0x0000000084800000| Untracked 
|  73|0x0000000084900000, 0x0000000084900000, 0x0000000084a00000|  0%| F|  |TAMS 0x0000000084900000| PB 0x0000000084900000| Untracked 
|  74|0x0000000084a00000, 0x0000000084a00000, 0x0000000084b00000|  0%| F|  |TAMS 0x0000000084a00000| PB 0x0000000084a00000| Untracked 
|  75|0x0000000084b00000, 0x0000000084b00000, 0x0000000084c00000|  0%| F|  |TAMS 0x0000000084b00000| PB 0x0000000084b00000| Untracked 
|  76|0x0000000084c00000, 0x0000000084c00000, 0x0000000084d00000|  0%| F|  |TAMS 0x0000000084c00000| PB 0x0000000084c00000| Untracked 
|  77|0x0000000084d00000, 0x0000000084d00000, 0x0000000084e00000|  0%| F|  |TAMS 0x0000000084d00000| PB 0x0000000084d00000| Untracked 
|  78|0x0000000084e00000, 0x0000000084e00000, 0x0000000084f00000|  0%| F|  |TAMS 0x0000000084e00000| PB 0x0000000084e00000| Untracked 
|  79|0x0000000084f00000, 0x0000000084f00000, 0x0000000085000000|  0%| F|  |TAMS 0x0000000084f00000| PB 0x0000000084f00000| Untracked 
|  80|0x0000000085000000, 0x0000000085000000, 0x0000000085100000|  0%| F|  |TAMS 0x0000000085000000| PB 0x0000000085000000| Untracked 
|  81|0x0000000085100000, 0x0000000085100000, 0x0000000085200000|  0%| F|  |TAMS 0x0000000085100000| PB 0x0000000085100000| Untracked 
|  82|0x0000000085200000, 0x0000000085200000, 0x0000000085300000|  0%| F|  |TAMS 0x0000000085200000| PB 0x0000000085200000| Untracked 
|  83|0x0000000085300000, 0x0000000085300000, 0x0000000085400000|  0%| F|  |TAMS 0x0000000085300000| PB 0x0000000085300000| Untracked 
|  84|0x0000000085400000, 0x0000000085400000, 0x0000000085500000|  0%| F|  |TAMS 0x0000000085400000| PB 0x0000000085400000| Untracked 
|  85|0x0000000085500000, 0x0000000085500000, 0x0000000085600000|  0%| F|  |TAMS 0x0000000085500000| PB 0x0000000085500000| Untracked 
|  86|0x0000000085600000, 0x0000000085600000, 0x0000000085700000|  0%| F|  |TAMS 0x0000000085600000| PB 0x0000000085600000| Untracked 
|  87|0x0000000085700000, 0x0000000085700000, 0x0000000085800000|  0%| F|  |TAMS 0x0000000085700000| PB 0x0000000085700000| Untracked 
|  88|0x0000000085800000, 0x0000000085800000, 0x0000000085900000|  0%| F|  |TAMS 0x0000000085800000| PB 0x0000000085800000| Untracked 
|  89|0x0000000085900000, 0x0000000085900000, 0x0000000085a00000|  0%| F|  |TAMS 0x0000000085900000| PB 0x0000000085900000| Untracked 
|  90|0x0000000085a00000, 0x0000000085a00000, 0x0000000085b00000|  0%| F|  |TAMS 0x0000000085a00000| PB 0x0000000085a00000| Untracked 
|  91|0x0000000085b00000, 0x0000000085b00000, 0x0000000085c00000|  0%| F|  |TAMS 0x0000000085b00000| PB 0x0000000085b00000| Untracked 
|  92|0x0000000085c00000, 0x0000000085c00000, 0x0000000085d00000|  0%| F|  |TAMS 0x0000000085c00000| PB 0x0000000085c00000| Untracked 
|  93|0x0000000085d00000, 0x0000000085d00000, 0x0000000085e00000|  0%| F|  |TAMS 0x0000000085d00000| PB 0x0000000085d00000| Untracked 
|  94|0x0000000085e00000, 0x0000000085e00000, 0x0000000085f00000|  0%| F|  |TAMS 0x0000000085e00000| PB 0x0000000085e00000| Untracked 
|  95|0x0000000085f00000, 0x0000000085f00000, 0x0000000086000000|  0%| F|  |TAMS 0x0000000085f00000| PB 0x0000000085f00000| Untracked 
|  96|0x0000000086000000, 0x0000000086000000, 0x0000000086100000|  0%| F|  |TAMS 0x0000000086000000| PB 0x0000000086000000| Untracked 
|  97|0x0000000086100000, 0x0000000086100000, 0x0000000086200000|  0%| F|  |TAMS 0x0000000086100000| PB 0x0000000086100000| Untracked 
|  98|0x0000000086200000, 0x0000000086200000, 0x0000000086300000|  0%| F|  |TAMS 0x0000000086200000| PB 0x0000000086200000| Untracked 
|  99|0x0000000086300000, 0x0000000086300000, 0x0000000086400000|  0%| F|  |TAMS 0x0000000086300000| PB 0x0000000086300000| Untracked 
| 100|0x0000000086400000, 0x0000000086400000, 0x0000000086500000|  0%| F|  |TAMS 0x0000000086400000| PB 0x0000000086400000| Untracked 
| 101|0x0000000086500000, 0x0000000086500000, 0x0000000086600000|  0%| F|  |TAMS 0x0000000086500000| PB 0x0000000086500000| Untracked 
| 102|0x0000000086600000, 0x0000000086600000, 0x0000000086700000|  0%| F|  |TAMS 0x0000000086600000| PB 0x0000000086600000| Untracked 
| 103|0x0000000086700000, 0x0000000086700000, 0x0000000086800000|  0%| F|  |TAMS 0x0000000086700000| PB 0x0000000086700000| Untracked 
| 104|0x0000000086800000, 0x0000000086800000, 0x0000000086900000|  0%| F|  |TAMS 0x0000000086800000| PB 0x0000000086800000| Untracked 
| 105|0x0000000086900000, 0x0000000086900000, 0x0000000086a00000|  0%| F|  |TAMS 0x0000000086900000| PB 0x0000000086900000| Untracked 
| 106|0x0000000086a00000, 0x0000000086a00000, 0x0000000086b00000|  0%| F|  |TAMS 0x0000000086a00000| PB 0x0000000086a00000| Untracked 
| 107|0x0000000086b00000, 0x0000000086b00000, 0x0000000086c00000|  0%| F|  |TAMS 0x0000000086b00000| PB 0x0000000086b00000| Untracked 
| 108|0x0000000086c00000, 0x0000000086c00000, 0x0000000086d00000|  0%| F|  |TAMS 0x0000000086c00000| PB 0x0000000086c00000| Untracked 
| 109|0x0000000086d00000, 0x0000000086d00000, 0x0000000086e00000|  0%| F|  |TAMS 0x0000000086d00000| PB 0x0000000086d00000| Untracked 
| 110|0x0000000086e00000, 0x0000000086e00000, 0x0000000086f00000|  0%| F|  |TAMS 0x0000000086e00000| PB 0x0000000086e00000| Untracked 
| 111|0x0000000086f00000, 0x0000000086f00000, 0x0000000087000000|  0%| F|  |TAMS 0x0000000086f00000| PB 0x0000000086f00000| Untracked 
| 112|0x0000000087000000, 0x0000000087000000, 0x0000000087100000|  0%| F|  |TAMS 0x0000000087000000| PB 0x0000000087000000| Untracked 
| 113|0x0000000087100000, 0x0000000087100000, 0x0000000087200000|  0%| F|  |TAMS 0x0000000087100000| PB 0x0000000087100000| Untracked 
| 114|0x0000000087200000, 0x0000000087200000, 0x0000000087300000|  0%| F|  |TAMS 0x0000000087200000| PB 0x0000000087200000| Untracked 
| 115|0x0000000087300000, 0x0000000087300000, 0x0000000087400000|  0%| F|  |TAMS 0x0000000087300000| PB 0x0000000087300000| Untracked 
| 116|0x0000000087400000, 0x00000000874abd80, 0x0000000087500000| 67%| S|CS|TAMS 0x0000000087400000| PB 0x0000000087400000| Complete 
| 117|0x0000000087500000, 0x0000000087600000, 0x0000000087600000|100%| S|CS|TAMS 0x0000000087500000| PB 0x0000000087500000| Complete 
| 118|0x0000000087600000, 0x0000000087600000, 0x0000000087700000|  0%| F|  |TAMS 0x0000000087600000| PB 0x0000000087600000| Untracked 
| 119|0x0000000087700000, 0x0000000087700000, 0x0000000087800000|  0%| F|  |TAMS 0x0000000087700000| PB 0x0000000087700000| Untracked 
| 120|0x0000000087800000, 0x0000000087800000, 0x0000000087900000|  0%| F|  |TAMS 0x0000000087800000| PB 0x0000000087800000| Untracked 
| 121|0x0000000087900000, 0x00000000879acd70, 0x0000000087a00000| 67%| E|  |TAMS 0x0000000087900000| PB 0x0000000087900000| Complete 
| 122|0x0000000087a00000, 0x0000000087b00000, 0x0000000087b00000|100%| E|CS|TAMS 0x0000000087a00000| PB 0x0000000087a00000| Complete 
| 123|0x0000000087b00000, 0x0000000087c00000, 0x0000000087c00000|100%| E|CS|TAMS 0x0000000087b00000| PB 0x0000000087b00000| Complete 
| 124|0x0000000087c00000, 0x0000000087d00000, 0x0000000087d00000|100%| E|CS|TAMS 0x0000000087c00000| PB 0x0000000087c00000| Complete 
| 125|0x0000000087d00000, 0x0000000087e00000, 0x0000000087e00000|100%| E|CS|TAMS 0x0000000087d00000| PB 0x0000000087d00000| Complete 
| 126|0x0000000087e00000, 0x0000000087f00000, 0x0000000087f00000|100%| E|CS|TAMS 0x0000000087e00000| PB 0x0000000087e00000| Complete 
| 127|0x0000000087f00000, 0x0000000088000000, 0x0000000088000000|100%| E|CS|TAMS 0x0000000087f00000| PB 0x0000000087f00000| Complete 

Card table byte_map: [0x00000289b5640000,0x00000289b5a40000] _byte_map_base: 0x00000289b5240000

Marking Bits: (CMBitMap*) 0x00000289a1afaab0
 Bits: [0x00000289b5a40000, 0x00000289b7a40000)

Polling page: 0x00000289a1260000

Metaspace:

Usage:
  Non-class:     22.99 MB used.
      Class:      2.69 MB used.
       Both:     25.68 MB used.

Virtual space:
  Non-class space:       64.00 MB reserved,      23.19 MB ( 36%) committed,  1 nodes.
      Class space:        1.00 GB reserved,       2.88 MB ( <1%) committed,  1 nodes.
             Both:        1.06 GB reserved,      26.06 MB (  2%) committed. 

Chunk freelists:
   Non-Class:  8.47 MB
       Class:  13.14 MB
        Both:  21.61 MB

MaxMetaspaceSize: unlimited
CompressedClassSpaceSize: 1.00 GB
Initial GC threshold: 21.00 MB
Current GC threshold: 35.12 MB
CDS: off
 - commit_granule_bytes: 65536.
 - commit_granule_words: 8192.
 - virtual_space_node_default_size: 8388608.
 - enlarge_chunks_in_place: 1.
 - use_allocation_guard: 0.


Internal statistics:

num_allocs_failed_limit: 3.
num_arena_births: 450.
num_arena_deaths: 0.
num_vsnodes_births: 2.
num_vsnodes_deaths: 0.
num_space_committed: 418.
num_space_uncommitted: 0.
num_chunks_returned_to_freelist: 3.
num_chunks_taken_from_freelist: 850.
num_chunk_merges: 0.
num_chunk_splits: 530.
num_chunks_enlarged: 277.
num_inconsistent_stats: 0.

CodeHeap 'non-profiled nmethods': size=119168Kb used=692Kb max_used=692Kb free=118475Kb
 bounds [0x00000289ad550000, 0x00000289ad7c0000, 0x00000289b49b0000]
CodeHeap 'profiled nmethods': size=119104Kb used=3890Kb max_used=3890Kb free=115213Kb
 bounds [0x00000289a59b0000, 0x00000289a5d80000, 0x00000289ace00000]
CodeHeap 'non-nmethods': size=7488Kb used=3205Kb max_used=3233Kb free=4282Kb
 bounds [0x00000289ace00000, 0x00000289ad130000, 0x00000289ad550000]
 total_blobs=2687 nmethods=2097 adapters=492
 compilation: enabled
              stopped_count=0, restarted_count=0
 full_count=0

Compilation events (20 events):
Event: 0.700 Thread 0x00000289bf69f710 2012       1       com.mysql.cj.protocol.a.NativePacketPayload::getByteBuffer (5 bytes)
Event: 0.700 Thread 0x00000289bf69f710 nmethod 2012 0x00000289ad5f5d90 code [0x00000289ad5f5f20, 0x00000289ad5f5fe8]
Event: 0.700 Thread 0x00000289bf69f710 2013       1       com.mysql.cj.protocol.a.NativePacketPayload::setPosition (6 bytes)
Event: 0.700 Thread 0x00000289bf69f710 nmethod 2013 0x00000289ad5f6090 code [0x00000289ad5f6220, 0x00000289ad5f62e8]
Event: 0.700 Thread 0x00000289bf11baf0 nmethod 2016 0x00000289a5d42090 code [0x00000289a5d42240, 0x00000289a5d424e0]
Event: 0.700 Thread 0x00000289bf751240 nmethod 2014 0x00000289a5d42610 code [0x00000289a5d42820, 0x00000289a5d42dc8]
Event: 0.700 Thread 0x00000289bf12b2f0 nmethod 2015 0x00000289a5d43010 code [0x00000289a5d43260, 0x00000289a5d43aa0]
Event: 0.701 Thread 0x00000289bf12b2f0 2018       3       java.net.URLClassLoader::getAndVerifyPackage (109 bytes)
Event: 0.701 Thread 0x00000289bf751240 2017   !   3       java.net.URLClassLoader::defineClass (224 bytes)
Event: 0.701 Thread 0x00000289bf11baf0 2019       3       jdk.internal.perf.PerfCounter::getReadClassBytesTime (4 bytes)
Event: 0.701 Thread 0x00000289bf11baf0 nmethod 2019 0x00000289a5d43e90 code [0x00000289a5d44020, 0x00000289a5d44118]
Event: 0.701 Thread 0x00000289bf11baf0 2020       1       com.mysql.cj.conf.AbstractRuntimeProperty::getValue (5 bytes)
Event: 0.701 Thread 0x00000289bf11baf0 nmethod 2020 0x00000289ad5f6390 code [0x00000289ad5f6520, 0x00000289ad5f65e8]
Event: 0.701 Thread 0x00000289bf12b2f0 nmethod 2018 0x00000289a5d44190 code [0x00000289a5d444e0, 0x00000289a5d455a8]
Event: 0.701 Thread 0x00000289bf12b2f0 2021       3       java.lang.ThreadLocal$ThreadLocalMap::getEntry (42 bytes)
Event: 0.702 Thread 0x00000289bf12b2f0 nmethod 2021 0x00000289a5d45c10 code [0x00000289a5d45de0, 0x00000289a5d461a8]
Event: 0.702 Thread 0x00000289bf751240 nmethod 2017 0x00000289a5d46390 code [0x00000289a5d46880, 0x00000289a5d48a88]
Event: 0.704 Thread 0x00000289bf751240 2022       3       java.util.Set::of (10 bytes)
Event: 0.704 Thread 0x00000289bf751240 nmethod 2022 0x00000289a5d49a10 code [0x00000289a5d49bc0, 0x00000289a5d49d48]
Event: 0.704 Thread 0x00000289bfe44650 2023       4       java.util.concurrent.ConcurrentHashMap::putIfAbsent (8 bytes)

GC Heap History (4 events):
Event: 0.422 GC heap before
{Heap before GC invocations=0 (full 0):
 garbage-first heap   total 131072K, used 27648K [0x0000000080000000, 0x0000000100000000)
  region size 1024K, 23 young (23552K), 0 survivors (0K)
 Metaspace       used 17383K, committed 17792K, reserved 1114112K
  class space    used 1791K, committed 1984K, reserved 1048576K
}
Event: 0.426 GC heap after
{Heap after GC invocations=1 (full 0):
 garbage-first heap   total 131072K, used 9080K [0x0000000080000000, 0x0000000100000000)
  region size 1024K, 3 young (3072K), 3 survivors (3072K)
 Metaspace       used 17383K, committed 17792K, reserved 1114112K
  class space    used 1791K, committed 1984K, reserved 1048576K
}
Event: 0.554 GC heap before
{Heap before GC invocations=1 (full 0):
 garbage-first heap   total 131072K, used 17272K [0x0000000080000000, 0x0000000100000000)
  region size 1024K, 13 young (13312K), 3 survivors (3072K)
 Metaspace       used 21136K, committed 21504K, reserved 1114112K
  class space    used 2174K, committed 2368K, reserved 1048576K
}
Event: 0.557 GC heap after
{Heap after GC invocations=2 (full 0):
 garbage-first heap   total 131072K, used 11016K [0x0000000080000000, 0x0000000100000000)
  region size 1024K, 2 young (2048K), 2 survivors (2048K)
 Metaspace       used 21136K, committed 21504K, reserved 1114112K
  class space    used 2174K, committed 2368K, reserved 1048576K
}

Dll operation events (2 events):
Event: 0.007 Loaded shared library D:\Program Files\JetBrains\IntelliJ IDEA 2024.2.4\jbr\bin\java.dll
Event: 0.010 Loaded shared library D:\Program Files\JetBrains\IntelliJ IDEA 2024.2.4\jbr\bin\zip.dll

Deoptimization events (20 events):
Event: 0.664 Thread 0x00000289bfbe64b0 Uncommon trap: trap_request=0xffffffbe fr.pc=0x00000289ad5e2798 relative=0x00000000000002d8
Event: 0.664 Thread 0x00000289bfbe64b0 Uncommon trap: reason=profile_predicate action=maybe_recompile pc=0x00000289ad5e2798 method=java.util.regex.Pattern$SliceI.match(Ljava/util/regex/Matcher;ILjava/lang/CharSequence;)Z @ 18 c2
Event: 0.664 Thread 0x00000289bfbe64b0 DEOPT PACKING pc=0x00000289ad5e2798 sp=0x000000f3005fd0b0
Event: 0.664 Thread 0x00000289bfbe64b0 DEOPT UNPACKING pc=0x00000289ace546a2 sp=0x000000f3005fd018 mode 2
Event: 0.664 Thread 0x00000289bfbe64b0 Uncommon trap: trap_request=0xffffffbe fr.pc=0x00000289ad5e2798 relative=0x00000000000002d8
Event: 0.664 Thread 0x00000289bfbe64b0 Uncommon trap: reason=profile_predicate action=maybe_recompile pc=0x00000289ad5e2798 method=java.util.regex.Pattern$SliceI.match(Ljava/util/regex/Matcher;ILjava/lang/CharSequence;)Z @ 18 c2
Event: 0.664 Thread 0x00000289bfbe64b0 DEOPT PACKING pc=0x00000289ad5e2798 sp=0x000000f3005fd0b0
Event: 0.664 Thread 0x00000289bfbe64b0 DEOPT UNPACKING pc=0x00000289ace546a2 sp=0x000000f3005fd018 mode 2
Event: 0.664 Thread 0x00000289bfbe64b0 Uncommon trap: trap_request=0xffffffbe fr.pc=0x00000289ad5e2798 relative=0x00000000000002d8
Event: 0.664 Thread 0x00000289bfbe64b0 Uncommon trap: reason=profile_predicate action=maybe_recompile pc=0x00000289ad5e2798 method=java.util.regex.Pattern$SliceI.match(Ljava/util/regex/Matcher;ILjava/lang/CharSequence;)Z @ 18 c2
Event: 0.664 Thread 0x00000289bfbe64b0 DEOPT PACKING pc=0x00000289ad5e2798 sp=0x000000f3005fd0b0
Event: 0.664 Thread 0x00000289bfbe64b0 DEOPT UNPACKING pc=0x00000289ace546a2 sp=0x000000f3005fd018 mode 2
Event: 0.664 Thread 0x00000289bfbe64b0 Uncommon trap: trap_request=0xffffffbe fr.pc=0x00000289ad5e2798 relative=0x00000000000002d8
Event: 0.664 Thread 0x00000289bfbe64b0 Uncommon trap: reason=profile_predicate action=maybe_recompile pc=0x00000289ad5e2798 method=java.util.regex.Pattern$SliceI.match(Ljava/util/regex/Matcher;ILjava/lang/CharSequence;)Z @ 18 c2
Event: 0.664 Thread 0x00000289bfbe64b0 DEOPT PACKING pc=0x00000289ad5e2798 sp=0x000000f3005fd010
Event: 0.664 Thread 0x00000289bfbe64b0 DEOPT UNPACKING pc=0x00000289ace546a2 sp=0x000000f3005fcf78 mode 2
Event: 0.701 Thread 0x00000289bfbe64b0 Uncommon trap: trap_request=0xffffff45 fr.pc=0x00000289ad558b4c relative=0x000000000000012c
Event: 0.701 Thread 0x00000289bfbe64b0 Uncommon trap: reason=unstable_if action=reinterpret pc=0x00000289ad558b4c method=java.lang.StringCoding.countPositives([BII)I @ 17 c2
Event: 0.701 Thread 0x00000289bfbe64b0 DEOPT PACKING pc=0x00000289ad558b4c sp=0x000000f3005fdee0
Event: 0.701 Thread 0x00000289bfbe64b0 DEOPT UNPACKING pc=0x00000289ace546a2 sp=0x000000f3005fde80 mode 2

Classes loaded (20 events):
Event: 0.687 Loading class jdk/internal/event/TLSHandshakeEvent
Event: 0.687 Loading class jdk/internal/event/TLSHandshakeEvent done
Event: 0.688 Loading class java/security/DigestException
Event: 0.688 Loading class java/security/DigestException done
Event: 0.689 Loading class javax/security/sasl/SaslException
Event: 0.689 Loading class javax/security/sasl/SaslException done
Event: 0.690 Loading class javax/security/auth/callback/UnsupportedCallbackException
Event: 0.690 Loading class javax/security/auth/callback/UnsupportedCallbackException done
Event: 0.690 Loading class javax/security/auth/login/Configuration
Event: 0.690 Loading class javax/security/auth/login/Configuration done
Event: 0.690 Loading class javax/security/auth/callback/Callback
Event: 0.690 Loading class javax/security/auth/callback/Callback done
Event: 0.690 Loading class sun/invoke/util/VerifyAccess$1
Event: 0.690 Loading class sun/invoke/util/VerifyAccess$1 done
Event: 0.693 Loading class sun/security/ssl/PostHandshakeContext
Event: 0.693 Loading class sun/security/ssl/PostHandshakeContext done
Event: 0.693 Loading class sun/security/ssl/NewSessionTicket$T13NewSessionTicketMessage
Event: 0.693 Loading class sun/security/ssl/NewSessionTicket$NewSessionTicketMessage
Event: 0.693 Loading class sun/security/ssl/NewSessionTicket$NewSessionTicketMessage done
Event: 0.693 Loading class sun/security/ssl/NewSessionTicket$T13NewSessionTicketMessage done

Classes unloaded (0 events):
No events

Classes redefined (0 events):
No events

Internal exceptions (20 events):
Event: 0.339 Thread 0x000002899f8391b0 Exception <a 'java/lang/NoSuchMethodError'{0x0000000086e8bec0}: 'java.lang.Object java.lang.invoke.Invokers$Holder.linkToTargetMethod(java.lang.Object, long, java.lang.Object)'> (0x0000000086e8bec0) 
thrown [s\src\hotspot\share\interpreter\linkResolver.cpp, line 784]
Event: 0.355 Thread 0x00000289bfbd99a0 Exception <a 'java/lang/NoSuchMethodError'{0x0000000086d9b280}: 'long java.lang.invoke.DirectMethodHandle$Holder.invokeSpecial(java.lang.Object, java.lang.Object)'> (0x0000000086d9b280) 
thrown [s\src\hotspot\share\interpreter\linkResolver.cpp, line 784]
Event: 0.355 Thread 0x00000289bf8ae650 Exception <a 'java/lang/NoSuchMethodError'{0x0000000086d467c0}: 'long java.lang.invoke.DirectMethodHandle$Holder.invokeSpecial(java.lang.Object, java.lang.Object)'> (0x0000000086d467c0) 
thrown [s\src\hotspot\share\interpreter\linkResolver.cpp, line 784]
Event: 0.355 Thread 0x00000289bfbd99a0 Exception <a 'java/lang/NoSuchMethodError'{0x0000000086d9e4b8}: 'long java.lang.invoke.Invokers$Holder.invokeExact_MT(java.lang.Object, java.lang.Object)'> (0x0000000086d9e4b8) 
thrown [s\src\hotspot\share\interpreter\linkResolver.cpp, line 784]
Event: 0.355 Thread 0x00000289bf8ae650 Exception <a 'java/lang/NoSuchMethodError'{0x0000000086d49ba8}: 'long java.lang.invoke.Invokers$Holder.invokeExact_MT(java.lang.Object, java.lang.Object)'> (0x0000000086d49ba8) 
thrown [s\src\hotspot\share\interpreter\linkResolver.cpp, line 784]
Event: 0.361 Thread 0x00000289bf8ae650 Exception <a 'java/lang/NoSuchMethodError'{0x0000000086df0a78}: 'void java.lang.invoke.DirectMethodHandle$Holder.invokeSpecial(java.lang.Object, java.lang.Object, java.lang.Object)'> (0x0000000086df0a78) 
thrown [s\src\hotspot\share\interpreter\linkResolver.cpp, line 784]
Event: 0.361 Thread 0x00000289bfbd99a0 Exception <a 'java/lang/NoSuchMethodError'{0x0000000086dcab90}: 'void java.lang.invoke.DirectMethodHandle$Holder.invokeSpecial(java.lang.Object, java.lang.Object, java.lang.Object)'> (0x0000000086dcab90) 
thrown [s\src\hotspot\share\interpreter\linkResolver.cpp, line 784]
Event: 0.367 Thread 0x00000289bfbe3030 Exception <a 'java/lang/NoSuchMethodError'{0x0000000086c9b6c0}: static [B.<clinit>()V> (0x0000000086c9b6c0) 
thrown [s\src\hotspot\share\prims\jni.cpp, line 1126]
Event: 0.367 Thread 0x00000289bfbe64b0 Exception <a 'java/lang/NoSuchMethodError'{0x0000000086c23be8}: static [B.<clinit>()V> (0x0000000086c23be8) 
thrown [s\src\hotspot\share\prims\jni.cpp, line 1126]
Event: 0.368 Thread 0x00000289bfbe64b0 Exception <a 'java/lang/NoSuchMethodError'{0x0000000086c255c8}: 'long java.lang.invoke.DirectMethodHandle$Holder.invokeInterface(java.lang.Object, java.lang.Object)'> (0x0000000086c255c8) 
thrown [s\src\hotspot\share\interpreter\linkResolver.cpp, line 784]
Event: 0.368 Thread 0x00000289bfbe64b0 Exception <a 'java/lang/NoSuchMethodError'{0x0000000086c28d90}: 'long java.lang.invoke.DelegatingMethodHandle$Holder.reinvoke_L(java.lang.Object, java.lang.Object)'> (0x0000000086c28d90) 
thrown [s\src\hotspot\share\interpreter\linkResolver.cpp, line 784]
Event: 0.376 Thread 0x00000289bfbe64b0 Exception <a 'java/lang/NoSuchMethodError'{0x0000000086c6d778}: static [Ljava/rmi/server/ObjID;.<clinit>()V> (0x0000000086c6d778) 
thrown [s\src\hotspot\share\prims\jni.cpp, line 1126]
Event: 0.377 Thread 0x00000289bfbe5100 Exception <a 'java/lang/NoSuchMethodError'{0x0000000086cf41a8}: 'java.lang.Object java.lang.invoke.DirectMethodHandle$Holder.newInvokeSpecial(java.lang.Object, java.lang.Object, int, java.lang.Object, long)'> (0x0000000086cf41a8) 
thrown [s\src\hotspot\share\interpreter\linkResolver.cpp, line 784]
Event: 0.378 Thread 0x00000289bfbe64b0 Exception <a 'java/lang/NoSuchMethodError'{0x0000000086b0f078}: 'void java.lang.invoke.Invokers$Holder.linkToTargetMethod(java.lang.Object, java.lang.Object)'> (0x0000000086b0f078) 
thrown [s\src\hotspot\share\interpreter\linkResolver.cpp, line 784]
Event: 0.382 Thread 0x00000289bfbe64b0 Exception <a 'java/lang/NoSuchMethodError'{0x0000000086b3fba0}: 'java.lang.Object java.lang.invoke.DirectMethodHandle$Holder.invokeInterface(java.lang.Object, java.lang.Object, java.lang.Object, java.lang.Object, java.lang.Object)'> (0x0000000086b3fba0) 
thrown [s\src\hotspot\share\interpreter\linkResolver.cpp, line 784]
Event: 0.383 Thread 0x00000289bfbe64b0 Exception <a 'java/lang/NoSuchMethodError'{0x0000000086b52f58}: 'java.lang.Object java.lang.invoke.Invokers$Holder.invokeExact_MT(java.lang.Object, java.lang.Object, java.lang.Object, java.lang.Object, java.lang.Object, java.lang.Object)'> (0x0000000086b52f58) 
thrown [s\src\hotspot\share\interpreter\linkResolver.cpp, line 784]
Event: 0.442 Thread 0x00000289bfbe64b0 Exception <a 'java/lang/NoSuchMethodError'{0x0000000087e46ab8}: 'void java.lang.invoke.DirectMethodHandle$Holder.invokeStatic(java.lang.Object, java.lang.Object, java.lang.Object)'> (0x0000000087e46ab8) 
thrown [s\src\hotspot\share\interpreter\linkResolver.cpp, line 784]
Event: 0.443 Thread 0x00000289bfbe64b0 Exception <a 'java/lang/NoSuchMethodError'{0x0000000087e539b8}: 'java.lang.Object java.lang.invoke.DirectMethodHandle$Holder.invokeVirtual(java.lang.Object, java.lang.Object, java.lang.Object)'> (0x0000000087e539b8) 
thrown [s\src\hotspot\share\interpreter\linkResolver.cpp, line 784]
Event: 0.563 Thread 0x00000289bfbe64b0 Exception <a 'sun/nio/fs/WindowsException'{0x0000000087f8f9c0}> (0x0000000087f8f9c0) 
thrown [s\src\hotspot\share\prims\jni.cpp, line 535]
Event: 0.666 Thread 0x00000289bfbe64b0 Exception <a 'java/lang/NoSuchMethodError'{0x0000000087b00d48}: 'void java.lang.invoke.DirectMethodHandle$Holder.invokeVirtual(java.lang.Object, java.lang.Object)'> (0x0000000087b00d48) 
thrown [s\src\hotspot\share\interpreter\linkResolver.cpp, line 784]

ZGC Phase Switch (0 events):
No events

VM Operations (20 events):
Event: 0.422 Executing VM operation: G1CollectForAllocation (G1 Evacuation Pause)
Event: 0.426 Executing VM operation: G1CollectForAllocation (G1 Evacuation Pause) done
Event: 0.440 Executing VM operation: HandshakeAllThreads (Deoptimize)
Event: 0.440 Executing VM operation: HandshakeAllThreads (Deoptimize) done
Event: 0.529 Executing VM operation: HandshakeAllThreads (Deoptimize)
Event: 0.529 Executing VM operation: HandshakeAllThreads (Deoptimize) done
Event: 0.538 Executing VM operation: HandshakeAllThreads (Deoptimize)
Event: 0.538 Executing VM operation: HandshakeAllThreads (Deoptimize) done
Event: 0.554 Executing VM operation: CollectForMetadataAllocation (Metadata GC Threshold)
Event: 0.557 Executing VM operation: CollectForMetadataAllocation (Metadata GC Threshold) done
Event: 0.559 Executing VM operation: G1PauseRemark
Event: 0.560 Executing VM operation: G1PauseRemark done
Event: 0.561 Executing VM operation: G1PauseCleanup
Event: 0.561 Executing VM operation: G1PauseCleanup done
Event: 0.564 Executing VM operation: HandshakeAllThreads (Deoptimize)
Event: 0.564 Executing VM operation: HandshakeAllThreads (Deoptimize) done
Event: 0.569 Executing VM operation: HandshakeAllThreads (Deoptimize)
Event: 0.569 Executing VM operation: HandshakeAllThreads (Deoptimize) done
Event: 0.673 Executing VM operation: HandshakeAllThreads (Deoptimize)
Event: 0.673 Executing VM operation: HandshakeAllThreads (Deoptimize) done

Memory protections (0 events):
No events

Nmethod flushes (0 events):
No events

Events (20 events):
Event: 0.107 Loaded shared library D:\Program Files\JetBrains\IntelliJ IDEA 2024.2.4\jbr\bin\zip.dll
Event: 0.132 Loaded shared library D:\Program Files\JetBrains\IntelliJ IDEA 2024.2.4\jbr\bin\jimage.dll
Event: 0.216 Thread 0x00000289bf11baf0 Thread added: 0x00000289bf69f710
Event: 0.216 Thread 0x00000289bf11baf0 Thread added: 0x00000289bf751240
Event: 0.231 Thread 0x000002899f8391b0 Thread added: 0x00000289bf5ced80
Event: 0.322 Loaded shared library D:\Program Files\JetBrains\IntelliJ IDEA 2024.2.4\jbr\bin\extnet.dll
Event: 0.325 Thread 0x000002899f8391b0 Thread added: 0x00000289bf90ee90
Event: 0.331 Thread 0x000002899f8391b0 Thread added: 0x00000289bfc0e400
Event: 0.331 Thread 0x000002899f8391b0 Thread added: 0x00000289bfc0ea70
Event: 0.331 Loaded shared library D:\Program Files\JetBrains\IntelliJ IDEA 2024.2.4\jbr\bin\rmi.dll
Event: 0.332 Thread 0x000002899f8391b0 Thread added: 0x00000289bfc0f0e0
Event: 0.343 Thread 0x00000289bf90ee90 Thread added: 0x00000289bfbd99a0
Event: 0.343 Thread 0x00000289bf90ee90 Thread added: 0x00000289bf8ae650
Event: 0.363 Thread 0x00000289bf8ae650 Thread added: 0x00000289bfbe2970
Event: 0.363 Thread 0x00000289bfc0e400 Thread added: 0x00000289bfbe64b0
Event: 0.363 Thread 0x00000289bfc0e400 Thread added: 0x00000289bfbe3030
Event: 0.373 Thread 0x00000289bfbe64b0 Thread added: 0x00000289bfbe5100
Event: 0.535 Loaded shared library D:\Program Files\JetBrains\IntelliJ IDEA 2024.2.4\jbr\bin\sunmscapi.dll
Event: 0.635 Thread 0x00000289bf12b2f0 Thread added: 0x00000289bfefee80
Event: 0.637 Thread 0x00000289bf69f710 Thread added: 0x00000289bfe44650


Dynamic libraries:
0x00007ff6aa980000 - 0x00007ff6aa98a000 	D:\Program Files\JetBrains\IntelliJ IDEA 2024.2.4\jbr\bin\java.exe
0x00007ff9b1090000 - 0x00007ff9b12a7000 	C:\WINDOWS\SYSTEM32\ntdll.dll
0x00007ff9b00a0000 - 0x00007ff9b0164000 	C:\WINDOWS\System32\KERNEL32.DLL
0x00007ff9ae890000 - 0x00007ff9aec62000 	C:\WINDOWS\System32\KERNELBASE.dll
0x00007ff9ae1b0000 - 0x00007ff9ae2c1000 	C:\WINDOWS\System32\ucrtbase.dll
0x00007ff984940000 - 0x00007ff984958000 	D:\Program Files\JetBrains\IntelliJ IDEA 2024.2.4\jbr\bin\jli.dll
0x00007ff9a8b80000 - 0x00007ff9a8b9b000 	D:\Program Files\JetBrains\IntelliJ IDEA 2024.2.4\jbr\bin\VCRUNTIME140.dll
0x00007ff9afb30000 - 0x00007ff9afce1000 	C:\WINDOWS\System32\USER32.dll
0x00007ff9ae180000 - 0x00007ff9ae1a6000 	C:\WINDOWS\System32\win32u.dll
0x00007ff9afcf0000 - 0x00007ff9afd19000 	C:\WINDOWS\System32\GDI32.dll
0x00007ff9ae620000 - 0x00007ff9ae743000 	C:\WINDOWS\System32\gdi32full.dll
0x00007ff9ae580000 - 0x00007ff9ae61a000 	C:\WINDOWS\System32\msvcp_win.dll
0x00007ff99bca0000 - 0x00007ff99bf3b000 	C:\WINDOWS\WinSxS\amd64_microsoft.windows.common-controls_6595b64144ccf1df_6.0.22621.5697_none_27154c497380d676\COMCTL32.dll
0x00007ff9b0bc0000 - 0x00007ff9b0c67000 	C:\WINDOWS\System32\msvcrt.dll
0x00007ff9afef0000 - 0x00007ff9aff21000 	C:\WINDOWS\System32\IMM32.DLL
0x00007ff9a77a0000 - 0x00007ff9a77ac000 	D:\Program Files\JetBrains\IntelliJ IDEA 2024.2.4\jbr\bin\vcruntime140_1.dll
0x00007ff93cb00000 - 0x00007ff93cb8d000 	D:\Program Files\JetBrains\IntelliJ IDEA 2024.2.4\jbr\bin\msvcp140.dll
0x00007ff8c7060000 - 0x00007ff8c7e17000 	D:\Program Files\JetBrains\IntelliJ IDEA 2024.2.4\jbr\bin\server\jvm.dll
0x00007ff9aee40000 - 0x00007ff9aeef1000 	C:\WINDOWS\System32\ADVAPI32.dll
0x00007ff9b0f80000 - 0x00007ff9b1028000 	C:\WINDOWS\System32\sechost.dll
0x00007ff9aecf0000 - 0x00007ff9aed18000 	C:\WINDOWS\System32\bcrypt.dll
0x00007ff9aed20000 - 0x00007ff9aee37000 	C:\WINDOWS\System32\RPCRT4.dll
0x00007ff9af950000 - 0x00007ff9af9c1000 	C:\WINDOWS\System32\WS2_32.dll
0x00007ff9acfb0000 - 0x00007ff9acffd000 	C:\WINDOWS\SYSTEM32\POWRPROF.dll
0x00007ff9a4020000 - 0x00007ff9a4054000 	C:\WINDOWS\SYSTEM32\WINMM.dll
0x00007ff9a72b0000 - 0x00007ff9a72ba000 	C:\WINDOWS\SYSTEM32\VERSION.dll
0x00007ff9acf90000 - 0x00007ff9acfa3000 	C:\WINDOWS\SYSTEM32\UMPDC.dll
0x00007ff9ad250000 - 0x00007ff9ad268000 	C:\WINDOWS\SYSTEM32\kernel.appcore.dll
0x00007ff9a7790000 - 0x00007ff9a779a000 	D:\Program Files\JetBrains\IntelliJ IDEA 2024.2.4\jbr\bin\jimage.dll
0x00007ff9ab8c0000 - 0x00007ff9abaf3000 	C:\WINDOWS\SYSTEM32\DBGHELP.DLL
0x00007ff9b0820000 - 0x00007ff9b0bb2000 	C:\WINDOWS\System32\combase.dll
0x00007ff9b0c70000 - 0x00007ff9b0d48000 	C:\WINDOWS\System32\OLEAUT32.dll
0x00007ff998da0000 - 0x00007ff998dd2000 	C:\WINDOWS\SYSTEM32\dbgcore.DLL
0x00007ff9ae750000 - 0x00007ff9ae7cb000 	C:\WINDOWS\System32\bcryptPrimitives.dll
0x00007ff984920000 - 0x00007ff98493f000 	D:\Program Files\JetBrains\IntelliJ IDEA 2024.2.4\jbr\bin\java.dll
0x00007ff984870000 - 0x00007ff984888000 	D:\Program Files\JetBrains\IntelliJ IDEA 2024.2.4\jbr\bin\zip.dll
0x00007ff9aef00000 - 0x00007ff9af7a1000 	C:\WINDOWS\System32\SHELL32.dll
0x00007ff9ae440000 - 0x00007ff9ae57f000 	C:\WINDOWS\System32\wintypes.dll
0x00007ff9abfd0000 - 0x00007ff9ac8ea000 	C:\WINDOWS\SYSTEM32\windows.storage.dll
0x00007ff9b0d50000 - 0x00007ff9b0e5b000 	C:\WINDOWS\System32\SHCORE.dll
0x00007ff9af7b0000 - 0x00007ff9af819000 	C:\WINDOWS\System32\shlwapi.dll
0x00007ff9ae0b0000 - 0x00007ff9ae0db000 	C:\WINDOWS\SYSTEM32\profapi.dll
0x00007ff9a7770000 - 0x00007ff9a7780000 	D:\Program Files\JetBrains\IntelliJ IDEA 2024.2.4\jbr\bin\net.dll
0x00007ff9a6f10000 - 0x00007ff9a703c000 	C:\WINDOWS\SYSTEM32\WINHTTP.dll
0x00007ff9ad720000 - 0x00007ff9ad789000 	C:\WINDOWS\system32\mswsock.dll
0x00007ff980bd0000 - 0x00007ff980be6000 	D:\Program Files\JetBrains\IntelliJ IDEA 2024.2.4\jbr\bin\nio.dll
0x00007ff9acbe0000 - 0x00007ff9acc0d000 	C:\WINDOWS\SYSTEM32\IPHLPAPI.DLL
0x00007ff9afec0000 - 0x00007ff9afec9000 	C:\WINDOWS\System32\NSI.dll
0x00007ff9ad970000 - 0x00007ff9ad98b000 	C:\WINDOWS\SYSTEM32\CRYPTSP.dll
0x00007ff9ad1b0000 - 0x00007ff9ad1e7000 	C:\WINDOWS\system32\rsaenh.dll
0x00007ff9ad810000 - 0x00007ff9ad838000 	C:\WINDOWS\SYSTEM32\USERENV.dll
0x00007ff9ad990000 - 0x00007ff9ad99c000 	C:\WINDOWS\SYSTEM32\CRYPTBASE.dll
0x00007ff980b90000 - 0x00007ff980b99000 	D:\Program Files\JetBrains\IntelliJ IDEA 2024.2.4\jbr\bin\extnet.dll
0x00007ff97a4c0000 - 0x00007ff97a4c7000 	D:\Program Files\JetBrains\IntelliJ IDEA 2024.2.4\jbr\bin\rmi.dll
0x00007ff9acc10000 - 0x00007ff9acd08000 	C:\WINDOWS\SYSTEM32\DNSAPI.dll
0x00007ff9a58c0000 - 0x00007ff9a58ca000 	C:\Windows\System32\rasadhlp.dll
0x00007ff9a65f0000 - 0x00007ff9a6674000 	C:\WINDOWS\System32\fwpuclnt.dll
0x00007ff980bb0000 - 0x00007ff980bbe000 	D:\Program Files\JetBrains\IntelliJ IDEA 2024.2.4\jbr\bin\sunmscapi.dll
0x00007ff9ae2d0000 - 0x00007ff9ae438000 	C:\WINDOWS\System32\CRYPT32.dll
0x00007ff9adb30000 - 0x00007ff9adb5d000 	C:\WINDOWS\SYSTEM32\ncrypt.dll
0x00007ff9adaf0000 - 0x00007ff9adb27000 	C:\WINDOWS\SYSTEM32\NTASN1.dll

dbghelp: loaded successfully - version: 4.0.5 - missing functions: none
symbol engine: initialized successfully - sym options: 0x614 - pdb path: .;D:\Program Files\JetBrains\IntelliJ IDEA 2024.2.4\jbr\bin;C:\WINDOWS\SYSTEM32;C:\WINDOWS\WinSxS\amd64_microsoft.windows.common-controls_6595b64144ccf1df_6.0.22621.5697_none_27154c497380d676;D:\Program Files\JetBrains\IntelliJ IDEA 2024.2.4\jbr\bin\server

VM Arguments:
jvm_args: -Djava.rmi.server.hostname=127.0.0.1 -Duser.timezone=UTC -Xmx2048m -Xms128m -Djdbc.classpath=C:\Users\lenovo\AppData\Local\Temp\RemoteDriver4750.classpath.txt --add-exports=java.desktop/sun.awt=ALL-UNNAMED --add-exports=java.desktop/java.awt.peer=ALL-UNNAMED --add-opens=java.desktop/java.awt=ALL-UNNAMED --add-opens=jdk.unsupported/sun.misc=ALL-UNNAMED --add-opens=java.base/java.nio=ALL-UNNAMED --add-opens=java.base/java.util=ALL-UNNAMED -Dfile.encoding=UTF-8 -Dsun.stdout.encoding=UTF-8 -Dsun.stderr.encoding=UTF-8 
java_command: com.intellij.database.remote.RemoteJdbcServer com.mysql.cj.jdbc.Driver
java_class_path (initial): D:\Program Files\JetBrains\IntelliJ IDEA 2024.2.4\lib\util_rt.jar;D:\Program Files\JetBrains\IntelliJ IDEA 2024.2.4\lib\util-8.jar;D:\Program Files\JetBrains\IntelliJ IDEA 2024.2.4\lib\groovy.jar;D:\Program Files\JetBrains\IntelliJ IDEA 2024.2.4\plugins\DatabaseTools\lib\jdbc-console.jar;D:\Program Files\JetBrains\IntelliJ IDEA 2024.2.4\plugins\grid-core-impl\lib\jdbc-console-types.jar;D:\Program Files\JetBrains\IntelliJ IDEA 2024.2.4\lib\util.jar;D:\Program Files\JetBrains\IntelliJ IDEA 2024.2.4\lib\bouncy-castle.jar
Launcher Type: SUN_STANDARD

[Global flags]
     intx CICompilerCount                          = 12                                        {product} {ergonomic}
     uint ConcGCThreads                            = 3                                         {product} {ergonomic}
     uint G1ConcRefinementThreads                  = 13                                        {product} {ergonomic}
   size_t G1HeapRegionSize                         = 1048576                                   {product} {ergonomic}
    uintx GCDrainStackTargetSize                   = 64                                        {product} {ergonomic}
   size_t InitialHeapSize                          = 134217728                                 {product} {command line}
   size_t MarkStackSize                            = 4194304                                   {product} {ergonomic}
   size_t MaxHeapSize                              = 2147483648                                {product} {command line}
   size_t MaxNewSize                               = 1287651328                                {product} {ergonomic}
   size_t MinHeapDeltaBytes                        = 1048576                                   {product} {ergonomic}
   size_t MinHeapSize                              = 134217728                                 {product} {command line}
    uintx NonNMethodCodeHeapSize                   = 7602480                                {pd product} {ergonomic}
    uintx NonProfiledCodeHeapSize                  = 122027880                              {pd product} {ergonomic}
    uintx ProfiledCodeHeapSize                     = 122027880                              {pd product} {ergonomic}
    uintx ReservedCodeCacheSize                    = 251658240                              {pd product} {ergonomic}
     bool SegmentedCodeCache                       = true                                      {product} {ergonomic}
   size_t SoftMaxHeapSize                          = 2147483648                             {manageable} {ergonomic}
     bool UseCompressedOops                        = true                           {product lp64_product} {ergonomic}
     bool UseG1GC                                  = true                                      {product} {ergonomic}
     bool UseLargePagesIndividualAllocation        = false                                  {pd product} {ergonomic}

Logging:
Log output configuration:
 #0: stdout all=warning uptime,level,tags foldmultilines=false
 #1: stderr all=off uptime,level,tags foldmultilines=false

Environment Variables:
JAVA_HOME=E:\java\jdk-20
PATH=C:\Program Files\VanDyke Software\Clients\;C:\Program Files\Common Files\Oracle\Java\javapath;C:\Windows\system32;C:\Windows;C:\Windows\System32\Wbem;E:\java\jdk-20\bin;C:\Windows\System32\WindowsPowerShell\v1.0\;C:\Windows\System32\OpenSSH\;C:\Program Files (x86)\NVIDIA Corporation\PhysX\Common;C:\Program Files\NVIDIA Corporation\NVIDIA NvDLISR;C:\WINDOWS\system32;C:\WINDOWS;C:\WINDOWS\System32\Wbem;C:\WINDOWS\System32\WindowsPowerShell\v1.0\;C:\WINDOWS\System32\OpenSSH\;C:\Program Files\Bandizip\;C:\Program Files (x86)\Microsoft SQL Server\160\Tools\Binn\;C:\Program Files\Microsoft SQL Server\160\Tools\Binn\;C:\Program Files\Microsoft SQL Server\Client SDK\ODBC\170\Tools\Binn\;C:\Program Files\Microsoft SQL Server\160\DTS\Binn\;D:\Bin;D:\\2024-12-17\ffmpeg\bin;D:\;\2024-12-17;D:\Program Files\Java\jdk-17.0.2;C:\Program Files\MySQL\MySQL Server 9.0\bin;D:\\Git\cmd;C:\Program Files\dotnet\;D:\\graphviz\Graphviz-12.2.1-win64\bin\dot.exe;D:\\2025-6-8\;D:\\apache-maven-3.8.7\bin;E:\java\jdk-20\bin;D:\\Typora\pandoc-3.7.0.2;D:\\apache-maven-3.8.7\bin;D:\\2025-8-12\nacos\bin;D:\MySQL\mysql-8.0.43-winx64\bin;D:\\2025-8-12\rocketmq-all-5.1.4-bin-release\bin;D:\python\Scripts\;D:\python\;C:\Users\lenovo\AppData\Local\Microsoft\WindowsApps;C:\Users\lenovo\AppData\Local\Programs\Microsoft VS Code\bin;D:\python\PyCharm 2023.3.4\bin;;D:\python\PyCharm Community Edition 2023.3.4\bin;;D:\Program Files\JetBrains\IntelliJ IDEA 2023.2.3\bin;;D:\\graphviz\Graphviz-12.2.1-win64\bin;C:\Users\lenovo\AppData\Roaming\npm
USERNAME=lenovo
OS=Windows_NT
PROCESSOR_IDENTIFIER=Intel64 Family 6 Model 154 Stepping 3, GenuineIntel
TMP=C:\Users\lenovo\AppData\Local\Temp
TEMP=C:\Users\lenovo\AppData\Local\Temp




Periodic native trim disabled

JNI global refs:
JNI global refs: 27, weak refs: 0

JNI global refs memory usage: 835, weak refs: 833

Process memory usage:
Resident Set Size: 128832K (0% of 16495096K total physical memory with 996768K free physical memory)

OOME stack traces (most recent first):
Classloader memory used:
Loader bootstrap                                                                       : 20601K
Loader com.intellij.database.remote.jdbc.impl.JdbcClassLoader$JdbcClassLoaderImpl      : 2626K
Loader jdk.internal.loader.ClassLoaders$AppClassLoader                                 : 2433K
Loader jdk.internal.loader.ClassLoaders$PlatformClassLoader                            : 752K
Loader jdk.internal.reflect.DelegatingClassLoader                                      : 72744B
Loader com.intellij.database.remote.jdbc.impl.JdbcClassLoader$1                        : 6904B

---------------  S Y S T E M  ---------------

OS:
 Windows 11 , 64 bit Build 22621 (10.0.22621.5415)
OS uptime: 0 days 19:02 hours

CPU: total 16 (initial active 16) (8 cores per cpu, 2 threads per core) family 6 model 154 stepping 3 microcode 0x41c, cx8, cmov, fxsr, ht, mmx, 3dnowpref, sse, sse2, sse3, ssse3, sse4.1, sse4.2, popcnt, lzcnt, tsc, tscinvbit, avx, avx2, aes, erms, clmul, bmi1, bmi2, adx, sha, fma, vzeroupper, clflush, clflushopt, clwb, serialize, rdtscp, rdpid, fsrm, f16c, pku, cet_ibt, cet_ss
Processor Information for processor 0
  Max Mhz: 2500, Current Mhz: 2500, Mhz Limit: 2500
Processor Information for processor 1
  Max Mhz: 2500, Current Mhz: 2500, Mhz Limit: 2500
Processor Information for processor 2
  Max Mhz: 2500, Current Mhz: 2500, Mhz Limit: 2500
Processor Information for processor 3
  Max Mhz: 2500, Current Mhz: 2500, Mhz Limit: 2500
Processor Information for processor 4
  Max Mhz: 2500, Current Mhz: 2500, Mhz Limit: 2500
Processor Information for processor 5
  Max Mhz: 2500, Current Mhz: 2500, Mhz Limit: 2500
Processor Information for processor 6
  Max Mhz: 2500, Current Mhz: 2500, Mhz Limit: 2500
Processor Information for processor 7
  Max Mhz: 2500, Current Mhz: 2500, Mhz Limit: 2500
Processor Information for processor 8
  Max Mhz: 2500, Current Mhz: 1800, Mhz Limit: 1800
Processor Information for processor 9
  Max Mhz: 2500, Current Mhz: 1800, Mhz Limit: 1800
Processor Information for processor 10
  Max Mhz: 2500, Current Mhz: 1800, Mhz Limit: 1800
Processor Information for processor 11
  Max Mhz: 2500, Current Mhz: 1500, Mhz Limit: 1800
Processor Information for processor 12
  Max Mhz: 2500, Current Mhz: 1800, Mhz Limit: 1800
Processor Information for processor 13
  Max Mhz: 2500, Current Mhz: 1800, Mhz Limit: 1800
Processor Information for processor 14
  Max Mhz: 2500, Current Mhz: 1800, Mhz Limit: 1800
Processor Information for processor 15
  Max Mhz: 2500, Current Mhz: 1500, Mhz Limit: 1800

Memory: 4k page, system-wide physical 16108M (973M free)
TotalPageFile size 40027M (AvailPageFile size 5M)
current process WorkingSet (physical memory assigned to process): 125M, peak: 125M
current process commit charge ("private bytes"): 264M, peak: 265M

vm_info: OpenJDK 64-Bit Server VM (21.0.4+13-b509.26) for windows-amd64 JRE (21.0.4+13-b509.26), built on 2024-09-27 by "builduser" with MS VC++ 16.10 / 16.11 (VS2019)

END.
